|               |
|               |
|               |
|               |
|               |
|               |
-----------------
  1 2 3 4 5 6 7  
Error: first command must be set_number_steps
Computer move: add disc to column 4
|               |
|               |
|               |
|               |
|       X       |
|       O       |
-----------------
  1 2 3 4 5 6 7  
Computer move: add disc to column 5
|               |
|               |
|               |
|               |
|       X       |
|     O O X     |
-----------------
  1 2 3 4 5 6 7  
Computer move: add disc to column 4
|               |
|               |
|       X       |
|       O       |
|       X       |
|     O O X     |
-----------------
  1 2 3 4 5 6 7  
Computer move: add disc to column 4
|               |
|       X       |
|       X       |
|       O       |
|       X O     |
|     O O X     |
-----------------
  1 2 3 4 5 6 7  
Suggested move: add disc to column 3
Computer move: add disc to column 3
|       O       |
|       X       |
|       X       |
|       O       |
|     X X O     |
|     O O X     |
-----------------
  1 2 3 4 5 6 7  
Suggested move: add disc to column 2
Computer move: add disc to column 5
|       O       |
|       X       |
|       X X     |
|       O O     |
|     X X O     |
|     O O X     |
-----------------
  1 2 3 4 5 6 7  
Computer move: add disc to column 5
|       O       |
|       X X     |
|       X X     |
|       O O     |
|     X X O     |
|     O O X O   |
-----------------
  1 2 3 4 5 6 7  
Computer move: add disc to column 3
|       O       |
|       X X     |
|     X X X     |
|     O O O     |
|     X X O     |
|     O O X O   |
-----------------
  1 2 3 4 5 6 7  
Computer move: add disc to column 2
|       O       |
|       X X     |
|     X X X     |
|     O O O     |
|     X X O     |
| O X O O X O   |
-----------------
  1 2 3 4 5 6 7  
Suggested move: add disc to column 1
Game restarted
|               |
|               |
|               |
|               |
|               |
|               |
-----------------
  1 2 3 4 5 6 7  
