|               |
|               |
|               |
|               |
|               |
|               |
-----------------
  1 2 3 4 5 6 7  
Error: first command must be set_number_steps
Error: column number must be in range 1-7
Computer move: add disc to column 4
|               |
|               |
|               |
|               |
|       X       |
|       O       |
-----------------
  1 2 3 4 5 6 7  
Computer move: add disc to column 4
|               |
|               |
|       X       |
|       O       |
|       X       |
|       O       |
-----------------
  1 2 3 4 5 6 7  
Computer move: add disc to column 3
|               |
|       O       |
|       X       |
|       O       |
|       X       |
|     X O       |
-----------------
  1 2 3 4 5 6 7  
Computer move: add disc to column 3
|       O       |
|       O       |
|       X       |
|       O       |
|     X X       |
|     X O       |
-----------------
  1 2 3 4 5 6 7  
Error: column 4 is full
Error: column number must be in range 1-7
Computer move: add disc to column 3
|       O       |
|       O       |
|       X       |
|     X O       |
|     X X       |
|     X O     O |
-----------------
  1 2 3 4 5 6 7  
Computer move: add disc to column 3
|       O       |
|       O       |
|     X X       |
|     X O       |
|     X X     O |
|     X O     O |
-----------------
  1 2 3 4 5 6 7  
Game over: computer wins
